2022-01-14 16:32:44,397:INFO:PyCaret Supervised Module
2022-01-14 16:32:44,397:INFO:ML Usecase: classification
2022-01-14 16:32:44,398:INFO:version 2.3.6
2022-01-14 16:32:44,398:INFO:Initializing setup()
2022-01-14 16:32:44,398:INFO:setup(target=turnover, ml_usecase=classification, available_plots={'parameter': 'Hyperparameters', 'auc': 'AUC', 'confusion_matrix': 'Confusion Matrix', 'threshold': 'Threshold', 'pr': 'Precision Recall', 'error': 'Prediction Error', 'class_report': 'Class Report', 'rfe': 'Feature Selection', 'learning': 'Learning Curve', 'manifold': 'Manifold Learning', 'calibration': 'Calibration Curve', 'vc': 'Validation Curve', 'dimension': 'Dimensions', 'feature': 'Feature Importance', 'feature_all': 'Feature Importance (All)', 'boundary': 'Decision Boundary', 'lift': 'Lift Chart', 'gain': 'Gain Chart', 'tree': 'Decision Tree', 'ks': 'KS Statistic Plot'}, train_size=0.7, test_data=None, preprocess=True, imputation_type=simple, iterative_imputation_iters=5, categorical_features=None, categorical_imputation=constant, categorical_iterative_imputer=lightgbm, ordinal_features=None, high_cardinality_features=None, high_cardinality_method=frequency, numeric_features=['yearsAtCompany'], numeric_imputation=mean, numeric_iterative_imputer=lightgbm, date_features=None, ignore_features=None, normalize=True, normalize_method=minmax, transformation=False, transformation_method=yeo-johnson, handle_unknown_categorical=True, unknown_categorical_method=least_frequent, pca=False, pca_method=linear, pca_components=None, ignore_low_variance=False, combine_rare_levels=False, rare_level_threshold=0.1, bin_numeric_features=None, remove_outliers=False, outliers_threshold=0.05, remove_multicollinearity=False, multicollinearity_threshold=0.9, remove_perfect_collinearity=True, create_clusters=False, cluster_iter=20, polynomial_features=False, polynomial_degree=2, trigonometry_features=False, polynomial_threshold=0.1, group_features=None, group_names=None, feature_selection=False, feature_selection_threshold=0.8, feature_selection_method=classic, feature_interaction=False, feature_ratio=False, interaction_threshold=0.01, fix_imbalance=True, fix_imbalance_method=None, transform_target=False, transform_target_method=box-cox, data_split_shuffle=True, data_split_stratify=True, fold_strategy=stratifiedkfold, fold=10, fold_shuffle=False, fold_groups=None, n_jobs=-1, use_gpu=False, custom_pipeline=None, html=True, session_id=None, log_experiment=False, experiment_name=None, log_plots=False, log_profile=False, log_data=False, silent=False, verbose=True, profile=False, profile_kwargs=None, display=None)
2022-01-14 16:32:44,399:INFO:Checking environment
2022-01-14 16:32:44,399:INFO:python_version: 3.8.8
2022-01-14 16:32:44,399:INFO:python_build: ('default', 'Apr 13 2021 15:08:03')
2022-01-14 16:32:44,400:INFO:machine: AMD64
2022-01-14 16:32:44,402:INFO:platform: Windows-10-10.0.19041-SP0
2022-01-14 16:32:44,403:INFO:Memory: svmem(total=8497688576, available=575877120, percent=93.2, used=7921811456, free=575877120)
2022-01-14 16:32:44,403:INFO:Physical Core: 2
2022-01-14 16:32:44,403:INFO:Logical Core: 4
2022-01-14 16:32:44,403:INFO:Checking libraries
2022-01-14 16:32:44,404:INFO:pd==1.2.4
2022-01-14 16:32:44,404:INFO:numpy==1.20.1
2022-01-14 16:32:44,404:INFO:sklearn==0.24.1
2022-01-14 16:33:28,258:INFO:PyCaret Supervised Module
2022-01-14 16:33:28,259:INFO:ML Usecase: classification
2022-01-14 16:33:28,259:INFO:version 2.3.6
2022-01-14 16:33:28,259:INFO:Initializing setup()
2022-01-14 16:33:28,259:INFO:setup(target=turnover, ml_usecase=classification, available_plots={'parameter': 'Hyperparameters', 'auc': 'AUC', 'confusion_matrix': 'Confusion Matrix', 'threshold': 'Threshold', 'pr': 'Precision Recall', 'error': 'Prediction Error', 'class_report': 'Class Report', 'rfe': 'Feature Selection', 'learning': 'Learning Curve', 'manifold': 'Manifold Learning', 'calibration': 'Calibration Curve', 'vc': 'Validation Curve', 'dimension': 'Dimensions', 'feature': 'Feature Importance', 'feature_all': 'Feature Importance (All)', 'boundary': 'Decision Boundary', 'lift': 'Lift Chart', 'gain': 'Gain Chart', 'tree': 'Decision Tree', 'ks': 'KS Statistic Plot'}, train_size=0.7, test_data=None, preprocess=True, imputation_type=simple, iterative_imputation_iters=5, categorical_features=None, categorical_imputation=constant, categorical_iterative_imputer=lightgbm, ordinal_features=None, high_cardinality_features=None, high_cardinality_method=frequency, numeric_features=['yearsAtCompany'], numeric_imputation=mean, numeric_iterative_imputer=lightgbm, date_features=None, ignore_features=None, normalize=True, normalize_method=minmax, transformation=False, transformation_method=yeo-johnson, handle_unknown_categorical=True, unknown_categorical_method=least_frequent, pca=False, pca_method=linear, pca_components=None, ignore_low_variance=False, combine_rare_levels=False, rare_level_threshold=0.1, bin_numeric_features=None, remove_outliers=False, outliers_threshold=0.05, remove_multicollinearity=False, multicollinearity_threshold=0.9, remove_perfect_collinearity=True, create_clusters=False, cluster_iter=20, polynomial_features=False, polynomial_degree=2, trigonometry_features=False, polynomial_threshold=0.1, group_features=None, group_names=None, feature_selection=False, feature_selection_threshold=0.8, feature_selection_method=classic, feature_interaction=False, feature_ratio=False, interaction_threshold=0.01, fix_imbalance=True, fix_imbalance_method=None, transform_target=False, transform_target_method=box-cox, data_split_shuffle=True, data_split_stratify=True, fold_strategy=stratifiedkfold, fold=10, fold_shuffle=False, fold_groups=None, n_jobs=-1, use_gpu=False, custom_pipeline=None, html=True, session_id=None, log_experiment=False, experiment_name=None, log_plots=False, log_profile=False, log_data=False, silent=False, verbose=True, profile=False, profile_kwargs=None, display=None)
2022-01-14 16:33:28,260:INFO:Checking environment
2022-01-14 16:33:28,260:INFO:python_version: 3.8.8
2022-01-14 16:33:28,261:INFO:python_build: ('default', 'Apr 13 2021 15:08:03')
2022-01-14 16:33:28,261:INFO:machine: AMD64
2022-01-14 16:33:28,261:INFO:platform: Windows-10-10.0.19041-SP0
2022-01-14 16:33:28,262:INFO:Memory: svmem(total=8497688576, available=546643968, percent=93.6, used=7951044608, free=546643968)
2022-01-14 16:33:28,263:INFO:Physical Core: 2
2022-01-14 16:33:28,263:INFO:Logical Core: 4
2022-01-14 16:33:28,263:INFO:Checking libraries
2022-01-14 16:33:28,263:INFO:pd==1.2.4
2022-01-14 16:33:28,264:INFO:numpy==1.20.1
2022-01-14 16:33:28,264:INFO:sklearn==0.24.1
2022-01-14 16:38:14,426:INFO:PyCaret Supervised Module
2022-01-14 16:38:14,426:INFO:ML Usecase: classification
2022-01-14 16:38:14,427:INFO:version 2.3.6
2022-01-14 16:38:14,427:INFO:Initializing setup()
2022-01-14 16:38:14,427:INFO:setup(target=turnover, ml_usecase=classification, available_plots={'parameter': 'Hyperparameters', 'auc': 'AUC', 'confusion_matrix': 'Confusion Matrix', 'threshold': 'Threshold', 'pr': 'Precision Recall', 'error': 'Prediction Error', 'class_report': 'Class Report', 'rfe': 'Feature Selection', 'learning': 'Learning Curve', 'manifold': 'Manifold Learning', 'calibration': 'Calibration Curve', 'vc': 'Validation Curve', 'dimension': 'Dimensions', 'feature': 'Feature Importance', 'feature_all': 'Feature Importance (All)', 'boundary': 'Decision Boundary', 'lift': 'Lift Chart', 'gain': 'Gain Chart', 'tree': 'Decision Tree', 'ks': 'KS Statistic Plot'}, train_size=0.7, test_data=None, preprocess=True, imputation_type=simple, iterative_imputation_iters=5, categorical_features=None, categorical_imputation=constant, categorical_iterative_imputer=lightgbm, ordinal_features=None, high_cardinality_features=None, high_cardinality_method=frequency, numeric_features=['yearsAtCompany'], numeric_imputation=mean, numeric_iterative_imputer=lightgbm, date_features=None, ignore_features=None, normalize=True, normalize_method=minmax, transformation=False, transformation_method=yeo-johnson, handle_unknown_categorical=True, unknown_categorical_method=least_frequent, pca=False, pca_method=linear, pca_components=None, ignore_low_variance=False, combine_rare_levels=False, rare_level_threshold=0.1, bin_numeric_features=None, remove_outliers=False, outliers_threshold=0.05, remove_multicollinearity=False, multicollinearity_threshold=0.9, remove_perfect_collinearity=True, create_clusters=False, cluster_iter=20, polynomial_features=False, polynomial_degree=2, trigonometry_features=False, polynomial_threshold=0.1, group_features=None, group_names=None, feature_selection=False, feature_selection_threshold=0.8, feature_selection_method=classic, feature_interaction=False, feature_ratio=False, interaction_threshold=0.01, fix_imbalance=True, fix_imbalance_method=None, transform_target=False, transform_target_method=box-cox, data_split_shuffle=True, data_split_stratify=True, fold_strategy=stratifiedkfold, fold=10, fold_shuffle=False, fold_groups=None, n_jobs=-1, use_gpu=False, custom_pipeline=None, html=True, session_id=None, log_experiment=False, experiment_name=None, log_plots=False, log_profile=False, log_data=False, silent=False, verbose=True, profile=False, profile_kwargs=None, display=None)
2022-01-14 16:38:14,428:INFO:Checking environment
2022-01-14 16:38:14,428:INFO:python_version: 3.8.8
2022-01-14 16:38:14,428:INFO:python_build: ('default', 'Apr 13 2021 15:08:03')
2022-01-14 16:38:14,428:INFO:machine: AMD64
2022-01-14 16:38:14,428:INFO:platform: Windows-10-10.0.19041-SP0
2022-01-14 16:38:14,429:INFO:Memory: svmem(total=8497688576, available=643993600, percent=92.4, used=7853694976, free=643993600)
2022-01-14 16:38:14,429:INFO:Physical Core: 2
2022-01-14 16:38:14,429:INFO:Logical Core: 4
2022-01-14 16:38:14,429:INFO:Checking libraries
2022-01-14 16:38:14,429:INFO:pd==1.2.4
2022-01-14 16:38:14,429:INFO:numpy==1.20.1
2022-01-14 16:38:14,429:INFO:sklearn==0.24.1
2022-01-14 16:46:02,543:INFO:PyCaret Supervised Module
2022-01-14 16:46:02,544:INFO:ML Usecase: classification
2022-01-14 16:46:02,545:INFO:version 2.3.6
2022-01-14 16:46:02,545:INFO:Initializing setup()
2022-01-14 16:46:02,545:INFO:setup(target=turnover, ml_usecase=classification, available_plots={'parameter': 'Hyperparameters', 'auc': 'AUC', 'confusion_matrix': 'Confusion Matrix', 'threshold': 'Threshold', 'pr': 'Precision Recall', 'error': 'Prediction Error', 'class_report': 'Class Report', 'rfe': 'Feature Selection', 'learning': 'Learning Curve', 'manifold': 'Manifold Learning', 'calibration': 'Calibration Curve', 'vc': 'Validation Curve', 'dimension': 'Dimensions', 'feature': 'Feature Importance', 'feature_all': 'Feature Importance (All)', 'boundary': 'Decision Boundary', 'lift': 'Lift Chart', 'gain': 'Gain Chart', 'tree': 'Decision Tree', 'ks': 'KS Statistic Plot'}, train_size=0.7, test_data=None, preprocess=True, imputation_type=simple, iterative_imputation_iters=5, categorical_features=None, categorical_imputation=constant, categorical_iterative_imputer=lightgbm, ordinal_features=None, high_cardinality_features=None, high_cardinality_method=frequency, numeric_features=['yearsAtCompany'], numeric_imputation=mean, numeric_iterative_imputer=lightgbm, date_features=None, ignore_features=None, normalize=True, normalize_method=minmax, transformation=False, transformation_method=yeo-johnson, handle_unknown_categorical=True, unknown_categorical_method=least_frequent, pca=False, pca_method=linear, pca_components=None, ignore_low_variance=False, combine_rare_levels=False, rare_level_threshold=0.1, bin_numeric_features=None, remove_outliers=False, outliers_threshold=0.05, remove_multicollinearity=False, multicollinearity_threshold=0.9, remove_perfect_collinearity=True, create_clusters=False, cluster_iter=20, polynomial_features=False, polynomial_degree=2, trigonometry_features=False, polynomial_threshold=0.1, group_features=None, group_names=None, feature_selection=False, feature_selection_threshold=0.8, feature_selection_method=classic, feature_interaction=False, feature_ratio=False, interaction_threshold=0.01, fix_imbalance=True, fix_imbalance_method=None, transform_target=False, transform_target_method=box-cox, data_split_shuffle=True, data_split_stratify=True, fold_strategy=stratifiedkfold, fold=10, fold_shuffle=False, fold_groups=None, n_jobs=-1, use_gpu=False, custom_pipeline=None, html=True, session_id=None, log_experiment=False, experiment_name=None, log_plots=False, log_profile=False, log_data=False, silent=False, verbose=True, profile=False, profile_kwargs=None, display=None)
2022-01-14 16:46:02,545:INFO:Checking environment
2022-01-14 16:46:02,545:INFO:python_version: 3.8.8
2022-01-14 16:46:02,546:INFO:python_build: ('default', 'Apr 13 2021 15:08:03')
2022-01-14 16:46:02,546:INFO:machine: AMD64
2022-01-14 16:46:02,546:INFO:platform: Windows-10-10.0.19041-SP0
2022-01-14 16:46:02,546:INFO:Memory: svmem(total=8497688576, available=437370880, percent=94.9, used=8060317696, free=437370880)
2022-01-14 16:46:02,546:INFO:Physical Core: 2
2022-01-14 16:46:02,547:INFO:Logical Core: 4
2022-01-14 16:46:02,547:INFO:Checking libraries
2022-01-14 16:46:02,547:INFO:pd==1.2.4
2022-01-14 16:46:02,547:INFO:numpy==1.19.5
2022-01-14 16:46:02,547:INFO:sklearn==0.23.2
2022-01-14 16:46:02,547:INFO:lightgbm==3.3.2
2022-01-14 16:46:02,548:WARNING:catboost not found
2022-01-14 16:46:02,550:WARNING:xgboost not found
2022-01-14 16:46:03,552:INFO:mlflow==1.22.0
2022-01-14 16:46:03,552:INFO:Checking Exceptions
2022-01-14 16:46:03,553:INFO:Declaring global variables
2022-01-14 16:46:03,553:INFO:USI: 63d7
2022-01-14 16:46:03,553:INFO:pycaret_globals: {'experiment__', 'imputation_regressor', 'create_model_container', 'master_model_container', 'fold_groups_param_full', '_internal_pipeline', '_all_models', 'fix_imbalance_method_param', 'iterative_imputation_iters_param', 'seed', 'imputation_classifier', 'display_container', '_gpu_n_jobs_param', 'transform_target_param', 'pycaret_globals', 'X_test', 'stratify_param', 'fold_generator', '_available_plots', 'data_before_preprocess', 'n_jobs_param', 'fold_param', 'fix_imbalance_param', 'y_train', 'fold_shuffle_param', '_all_models_internal', 'fold_groups_param', 'target_param', 'X_train', 'prep_pipe', '_ml_usecase', '_all_metrics', 'USI', 'y_test', 'html_param', 'gpu_param', 'log_plots_param', 'y', 'exp_name_log', 'X', 'logging_param', 'transform_target_method_param'}
2022-01-14 16:46:03,553:INFO:Preparing display monitor
2022-01-14 16:46:03,553:INFO:Preparing display monitor
2022-01-14 16:46:03,577:INFO:Importing libraries
2022-01-14 16:46:03,577:INFO:Copying data for preprocessing
2022-01-14 16:46:03,593:INFO:Declaring preprocessing parameters
2022-01-14 16:46:03,597:INFO:Creating preprocessing pipeline
2022-01-14 16:46:03,615:INFO:Preprocessing pipeline created successfully
2022-01-14 16:46:03,615:ERROR:(Process Exit): setup has been interupted with user command 'quit'. setup must rerun.
2022-01-14 16:46:03,615:INFO:Creating global containers
2022-01-14 16:46:03,618:INFO:Internal pipeline: Pipeline(memory=None,
         steps=[('fix_imbalance',
                 SMOTE(k_neighbors=5, n_jobs=None, random_state=3840,
                       sampling_strategy='auto'))],
         verbose=False)
2022-01-14 16:46:12,592:WARNING:Couldn't import xgboost.XGBClassifier
2022-01-14 16:46:12,593:WARNING:Couldn't import catboost.CatBoostClassifier
2022-01-14 16:46:12,709:WARNING:Couldn't import xgboost.XGBClassifier
2022-01-14 16:46:12,711:WARNING:Couldn't import catboost.CatBoostClassifier
2022-01-14 16:46:12,712:INFO:Creating grid variables
2022-01-14 16:46:12,762:INFO:create_model_container: 0
2022-01-14 16:46:12,762:INFO:master_model_container: 0
2022-01-14 16:46:12,762:INFO:display_container: 1
2022-01-14 16:46:12,775:INFO:Pipeline(memory=None,
         steps=[('dtypes',
                 DataTypes_Auto_infer(categorical_features=[],
                                      display_types=True, features_todrop=[],
                                      id_columns=[],
                                      ml_usecase='classification',
                                      numerical_features=['yearsAtCompany'],
                                      target='turnover', time_features=[])),
                ('imputer',
                 Simple_Imputer(categorical_strategy='not_available',
                                fill_value_categorical=None,
                                fill_value_numerical=...
                ('P_transform', 'passthrough'), ('binn', 'passthrough'),
                ('rem_outliers', 'passthrough'), ('cluster_all', 'passthrough'),
                ('dummy', Dummify(target='turnover')),
                ('fix_perfect', Remove_100(target='turnover')),
                ('clean_names', Clean_Colum_Names()),
                ('feature_select', 'passthrough'), ('fix_multi', 'passthrough'),
                ('dfs', 'passthrough'), ('pca', 'passthrough')],
         verbose=False)
2022-01-14 16:46:12,776:INFO:setup() succesfully completed......................................
2022-01-14 16:47:50,400:INFO:Initializing compare_models()
2022-01-14 16:47:50,401:INFO:compare_models(include=None, fold=5, round=4, cross_validation=True, sort=AUC, n_select=1, budget_time=None, turbo=True, errors=ignore, fit_kwargs=None, groups=None, probability_threshold=None, verbose=True, display=None, exclude=None)
2022-01-14 16:47:50,401:INFO:Checking exceptions
2022-01-14 16:47:50,403:INFO:Preparing display monitor
2022-01-14 16:47:50,403:INFO:Preparing display monitor
2022-01-14 16:47:50,469:INFO:Initializing Logistic Regression
2022-01-14 16:47:50,470:INFO:Total runtime is 1.6717116038004556e-05 minutes
2022-01-14 16:47:50,499:INFO:SubProcess create_model() called ==================================
2022-01-14 16:47:50,499:INFO:Initializing create_model()
2022-01-14 16:47:50,500:INFO:create_model(estimator=lr, fold=StratifiedKFold(n_splits=5, random_state=None, shuffle=False), round=4, cross_validation=True, predict=True, fit_kwargs={}, groups=None, refit=False, verbose=False, system=False, metrics=None, add_to_model_list=True, probability_threshold=None, display=<pycaret.internal.Display.Display object at 0x000001D059996BB0>, kwargs={})
2022-01-14 16:47:50,500:INFO:Checking exceptions
2022-01-14 16:47:50,500:INFO:Importing libraries
2022-01-14 16:47:50,501:INFO:Copying training dataset
2022-01-14 16:47:50,502:INFO:Defining folds
2022-01-14 16:47:50,503:INFO:Declaring metric variables
2022-01-14 16:47:50,523:INFO:Importing untrained model
2022-01-14 16:47:50,551:INFO:Logistic Regression Imported succesfully
2022-01-14 16:47:50,602:INFO:Starting cross validation
2022-01-14 16:47:50,603:INFO:Cross validating with StratifiedKFold(n_splits=5, random_state=None, shuffle=False), n_jobs=-1
2022-01-14 16:48:01,156:INFO:Calculating mean and std
2022-01-14 16:48:01,158:INFO:Creating metrics dataframe
2022-01-14 16:48:01,169:INFO:Uploading results into container
2022-01-14 16:48:01,170:INFO:Uploading model into container now
2022-01-14 16:48:01,170:INFO:create_model_container: 1
2022-01-14 16:48:01,170:INFO:master_model_container: 1
2022-01-14 16:48:01,170:INFO:display_container: 2
2022-01-14 16:48:01,172:INFO:LogisticRegression(C=1.0, class_weight=None, dual=False, fit_intercept=True,
                   intercept_scaling=1, l1_ratio=None, max_iter=1000,
                   multi_class='auto', n_jobs=None, penalty='l2',
                   random_state=3840, solver='lbfgs', tol=0.0001, verbose=0,
                   warm_start=False)
2022-01-14 16:48:01,172:INFO:create_model() succesfully completed......................................
2022-01-14 16:48:01,369:INFO:SubProcess create_model() end ==================================
2022-01-14 16:48:01,370:INFO:Creating metrics dataframe
2022-01-14 16:48:01,422:INFO:Initializing K Neighbors Classifier
2022-01-14 16:48:01,422:INFO:Total runtime is 0.1825459122657776 minutes
2022-01-14 16:48:01,451:INFO:SubProcess create_model() called ==================================
2022-01-14 16:48:01,452:INFO:Initializing create_model()
2022-01-14 16:48:01,452:INFO:create_model(estimator=knn, fold=StratifiedKFold(n_splits=5, random_state=None, shuffle=False), round=4, cross_validation=True, predict=True, fit_kwargs={}, groups=None, refit=False, verbose=False, system=False, metrics=None, add_to_model_list=True, probability_threshold=None, display=<pycaret.internal.Display.Display object at 0x000001D059996BB0>, kwargs={})
2022-01-14 16:48:01,452:INFO:Checking exceptions
2022-01-14 16:48:01,453:INFO:Importing libraries
2022-01-14 16:48:01,453:INFO:Copying training dataset
2022-01-14 16:48:01,454:INFO:Defining folds
2022-01-14 16:48:01,455:INFO:Declaring metric variables
2022-01-14 16:48:01,488:INFO:Importing untrained model
2022-01-14 16:48:01,517:INFO:K Neighbors Classifier Imported succesfully
2022-01-14 16:48:01,573:INFO:Starting cross validation
2022-01-14 16:48:01,575:INFO:Cross validating with StratifiedKFold(n_splits=5, random_state=None, shuffle=False), n_jobs=-1
2022-01-14 16:48:02,354:INFO:Calculating mean and std
2022-01-14 16:48:02,356:INFO:Creating metrics dataframe
2022-01-14 16:48:02,370:INFO:Uploading results into container
2022-01-14 16:48:02,371:INFO:Uploading model into container now
2022-01-14 16:48:02,371:INFO:create_model_container: 2
2022-01-14 16:48:02,372:INFO:master_model_container: 2
2022-01-14 16:48:02,372:INFO:display_container: 2
2022-01-14 16:48:02,373:INFO:KNeighborsClassifier(algorithm='auto', leaf_size=30, metric='minkowski',
                     metric_params=None, n_jobs=-1, n_neighbors=5, p=2,
                     weights='uniform')
2022-01-14 16:48:02,373:INFO:create_model() succesfully completed......................................
2022-01-14 16:48:02,518:INFO:SubProcess create_model() end ==================================
2022-01-14 16:48:02,518:INFO:Creating metrics dataframe
2022-01-14 16:48:02,570:INFO:Initializing Naive Bayes
2022-01-14 16:48:02,571:INFO:Total runtime is 0.20169552167256674 minutes
2022-01-14 16:48:02,598:INFO:SubProcess create_model() called ==================================
2022-01-14 16:48:02,600:INFO:Initializing create_model()
2022-01-14 16:48:02,600:INFO:create_model(estimator=nb, fold=StratifiedKFold(n_splits=5, random_state=None, shuffle=False), round=4, cross_validation=True, predict=True, fit_kwargs={}, groups=None, refit=False, verbose=False, system=False, metrics=None, add_to_model_list=True, probability_threshold=None, display=<pycaret.internal.Display.Display object at 0x000001D059996BB0>, kwargs={})
2022-01-14 16:48:02,600:INFO:Checking exceptions
2022-01-14 16:48:02,600:INFO:Importing libraries
2022-01-14 16:48:02,600:INFO:Copying training dataset
2022-01-14 16:48:02,602:INFO:Defining folds
2022-01-14 16:48:02,602:INFO:Declaring metric variables
2022-01-14 16:48:02,635:INFO:Importing untrained model
2022-01-14 16:48:02,666:INFO:Naive Bayes Imported succesfully
2022-01-14 16:48:02,748:INFO:Starting cross validation
2022-01-14 16:48:02,749:INFO:Cross validating with StratifiedKFold(n_splits=5, random_state=None, shuffle=False), n_jobs=-1
2022-01-14 16:48:02,964:INFO:Calculating mean and std
2022-01-14 16:48:02,966:INFO:Creating metrics dataframe
2022-01-14 16:48:02,980:INFO:Uploading results into container
2022-01-14 16:48:02,981:INFO:Uploading model into container now
2022-01-14 16:48:02,981:INFO:create_model_container: 3
2022-01-14 16:48:02,981:INFO:master_model_container: 3
2022-01-14 16:48:02,981:INFO:display_container: 2
2022-01-14 16:48:02,981:INFO:GaussianNB(priors=None, var_smoothing=1e-09)
2022-01-14 16:48:02,981:INFO:create_model() succesfully completed......................................
2022-01-14 16:48:03,102:INFO:SubProcess create_model() end ==================================
2022-01-14 16:48:03,102:INFO:Creating metrics dataframe
2022-01-14 16:48:03,153:INFO:Initializing Decision Tree Classifier
2022-01-14 16:48:03,153:INFO:Total runtime is 0.21139632066090902 minutes
2022-01-14 16:48:03,174:INFO:SubProcess create_model() called ==================================
2022-01-14 16:48:03,178:INFO:Initializing create_model()
2022-01-14 16:48:03,179:INFO:create_model(estimator=dt, fold=StratifiedKFold(n_splits=5, random_state=None, shuffle=False), round=4, cross_validation=True, predict=True, fit_kwargs={}, groups=None, refit=False, verbose=False, system=False, metrics=None, add_to_model_list=True, probability_threshold=None, display=<pycaret.internal.Display.Display object at 0x000001D059996BB0>, kwargs={})
2022-01-14 16:48:03,179:INFO:Checking exceptions
2022-01-14 16:48:03,179:INFO:Importing libraries
2022-01-14 16:48:03,179:INFO:Copying training dataset
2022-01-14 16:48:03,181:INFO:Defining folds
2022-01-14 16:48:03,182:INFO:Declaring metric variables
2022-01-14 16:48:03,207:INFO:Importing untrained model
2022-01-14 16:48:03,235:INFO:Decision Tree Classifier Imported succesfully
2022-01-14 16:48:03,281:INFO:Starting cross validation
2022-01-14 16:48:03,283:INFO:Cross validating with StratifiedKFold(n_splits=5, random_state=None, shuffle=False), n_jobs=-1
2022-01-14 16:48:03,527:INFO:Calculating mean and std
2022-01-14 16:48:03,528:INFO:Creating metrics dataframe
2022-01-14 16:48:03,533:INFO:Uploading results into container
2022-01-14 16:48:03,533:INFO:Uploading model into container now
2022-01-14 16:48:03,534:INFO:create_model_container: 4
2022-01-14 16:48:03,534:INFO:master_model_container: 4
2022-01-14 16:48:03,534:INFO:display_container: 2
2022-01-14 16:48:03,535:INFO:DecisionTreeClassifier(ccp_alpha=0.0, class_weight=None, criterion='gini',
                       max_depth=None, max_features=None, max_leaf_nodes=None,
                       min_impurity_decrease=0.0, min_impurity_split=None,
                       min_samples_leaf=1, min_samples_split=2,
                       min_weight_fraction_leaf=0.0, presort='deprecated',
                       random_state=3840, splitter='best')
2022-01-14 16:48:03,535:INFO:create_model() succesfully completed......................................
2022-01-14 16:48:03,624:INFO:SubProcess create_model() end ==================================
2022-01-14 16:48:03,624:INFO:Creating metrics dataframe
2022-01-14 16:48:03,654:INFO:Initializing SVM - Linear Kernel
2022-01-14 16:48:03,655:INFO:Total runtime is 0.2197727123896281 minutes
2022-01-14 16:48:03,677:INFO:SubProcess create_model() called ==================================
2022-01-14 16:48:03,678:INFO:Initializing create_model()
2022-01-14 16:48:03,679:INFO:create_model(estimator=svm, fold=StratifiedKFold(n_splits=5, random_state=None, shuffle=False), round=4, cross_validation=True, predict=True, fit_kwargs={}, groups=None, refit=False, verbose=False, system=False, metrics=None, add_to_model_list=True, probability_threshold=None, display=<pycaret.internal.Display.Display object at 0x000001D059996BB0>, kwargs={})
2022-01-14 16:48:03,679:INFO:Checking exceptions
2022-01-14 16:48:03,679:INFO:Importing libraries
2022-01-14 16:48:03,679:INFO:Copying training dataset
2022-01-14 16:48:03,681:INFO:Defining folds
2022-01-14 16:48:03,682:INFO:Declaring metric variables
2022-01-14 16:48:03,712:INFO:Importing untrained model
2022-01-14 16:48:03,735:INFO:SVM - Linear Kernel Imported succesfully
2022-01-14 16:48:03,783:INFO:Starting cross validation
2022-01-14 16:48:03,784:INFO:Cross validating with StratifiedKFold(n_splits=5, random_state=None, shuffle=False), n_jobs=-1
2022-01-14 16:48:04,686:INFO:Calculating mean and std
2022-01-14 16:48:04,687:INFO:Creating metrics dataframe
2022-01-14 16:48:04,696:INFO:Uploading results into container
2022-01-14 16:48:04,697:INFO:Uploading model into container now
2022-01-14 16:48:04,697:INFO:create_model_container: 5
2022-01-14 16:48:04,697:INFO:master_model_container: 5
2022-01-14 16:48:04,697:INFO:display_container: 2
2022-01-14 16:48:04,698:INFO:SGDClassifier(alpha=0.0001, average=False, class_weight=None,
              early_stopping=False, epsilon=0.1, eta0=0.001, fit_intercept=True,
              l1_ratio=0.15, learning_rate='optimal', loss='hinge',
              max_iter=1000, n_iter_no_change=5, n_jobs=-1, penalty='l2',
              power_t=0.5, random_state=3840, shuffle=True, tol=0.001,
              validation_fraction=0.1, verbose=0, warm_start=False)
2022-01-14 16:48:04,698:INFO:create_model() succesfully completed......................................
2022-01-14 16:48:04,783:INFO:SubProcess create_model() end ==================================
2022-01-14 16:48:04,783:INFO:Creating metrics dataframe
2022-01-14 16:48:04,819:INFO:Initializing Ridge Classifier
2022-01-14 16:48:04,819:INFO:Total runtime is 0.23916052182515463 minutes
2022-01-14 16:48:04,835:INFO:SubProcess create_model() called ==================================
2022-01-14 16:48:04,835:INFO:Initializing create_model()
2022-01-14 16:48:04,836:INFO:create_model(estimator=ridge, fold=StratifiedKFold(n_splits=5, random_state=None, shuffle=False), round=4, cross_validation=True, predict=True, fit_kwargs={}, groups=None, refit=False, verbose=False, system=False, metrics=None, add_to_model_list=True, probability_threshold=None, display=<pycaret.internal.Display.Display object at 0x000001D059996BB0>, kwargs={})
2022-01-14 16:48:04,836:INFO:Checking exceptions
2022-01-14 16:48:04,836:INFO:Importing libraries
2022-01-14 16:48:04,836:INFO:Copying training dataset
2022-01-14 16:48:04,838:INFO:Defining folds
2022-01-14 16:48:04,838:INFO:Declaring metric variables
2022-01-14 16:48:04,861:INFO:Importing untrained model
2022-01-14 16:48:04,882:INFO:Ridge Classifier Imported succesfully
2022-01-14 16:48:04,934:INFO:Starting cross validation
2022-01-14 16:48:04,936:INFO:Cross validating with StratifiedKFold(n_splits=5, random_state=None, shuffle=False), n_jobs=-1
2022-01-14 16:48:05,111:INFO:Calculating mean and std
2022-01-14 16:48:05,112:INFO:Creating metrics dataframe
2022-01-14 16:48:05,117:INFO:Uploading results into container
2022-01-14 16:48:05,118:INFO:Uploading model into container now
2022-01-14 16:48:05,118:INFO:create_model_container: 6
2022-01-14 16:48:05,118:INFO:master_model_container: 6
2022-01-14 16:48:05,118:INFO:display_container: 2
2022-01-14 16:48:05,119:INFO:RidgeClassifier(alpha=1.0, class_weight=None, copy_X=True, fit_intercept=True,
                max_iter=None, normalize=False, random_state=3840,
                solver='auto', tol=0.001)
2022-01-14 16:48:05,119:INFO:create_model() succesfully completed......................................
2022-01-14 16:48:05,212:INFO:SubProcess create_model() end ==================================
2022-01-14 16:48:05,212:INFO:Creating metrics dataframe
2022-01-14 16:48:05,238:INFO:Initializing Random Forest Classifier
2022-01-14 16:48:05,238:INFO:Total runtime is 0.2461438496907552 minutes
2022-01-14 16:48:05,255:INFO:SubProcess create_model() called ==================================
2022-01-14 16:48:05,258:INFO:Initializing create_model()
2022-01-14 16:48:05,258:INFO:create_model(estimator=rf, fold=StratifiedKFold(n_splits=5, random_state=None, shuffle=False), round=4, cross_validation=True, predict=True, fit_kwargs={}, groups=None, refit=False, verbose=False, system=False, metrics=None, add_to_model_list=True, probability_threshold=None, display=<pycaret.internal.Display.Display object at 0x000001D059996BB0>, kwargs={})
2022-01-14 16:48:05,259:INFO:Checking exceptions
2022-01-14 16:48:05,259:INFO:Importing libraries
2022-01-14 16:48:05,259:INFO:Copying training dataset
2022-01-14 16:48:05,261:INFO:Defining folds
2022-01-14 16:48:05,261:INFO:Declaring metric variables
2022-01-14 16:48:05,277:INFO:Importing untrained model
2022-01-14 16:48:05,301:INFO:Random Forest Classifier Imported succesfully
2022-01-14 16:48:05,345:INFO:Starting cross validation
2022-01-14 16:48:05,347:INFO:Cross validating with StratifiedKFold(n_splits=5, random_state=None, shuffle=False), n_jobs=-1
2022-01-14 16:48:11,055:INFO:Calculating mean and std
2022-01-14 16:48:11,057:INFO:Creating metrics dataframe
2022-01-14 16:48:11,063:INFO:Uploading results into container
2022-01-14 16:48:11,063:INFO:Uploading model into container now
2022-01-14 16:48:11,063:INFO:create_model_container: 7
2022-01-14 16:48:11,063:INFO:master_model_container: 7
2022-01-14 16:48:11,063:INFO:display_container: 2
2022-01-14 16:48:11,066:INFO:RandomForestClassifier(bootstrap=True, ccp_alpha=0.0, class_weight=None,
                       criterion='gini', max_depth=None, max_features='auto',
                       max_leaf_nodes=None, max_samples=None,
                       min_impurity_decrease=0.0, min_impurity_split=None,
                       min_samples_leaf=1, min_samples_split=2,
                       min_weight_fraction_leaf=0.0, n_estimators=100,
                       n_jobs=-1, oob_score=False, random_state=3840, verbose=0,
                       warm_start=False)
2022-01-14 16:48:11,067:INFO:create_model() succesfully completed......................................
2022-01-14 16:48:11,162:INFO:SubProcess create_model() end ==================================
2022-01-14 16:48:11,162:INFO:Creating metrics dataframe
2022-01-14 16:48:11,194:INFO:Initializing Quadratic Discriminant Analysis
2022-01-14 16:48:11,195:INFO:Total runtime is 0.3454338272412618 minutes
2022-01-14 16:48:11,212:INFO:SubProcess create_model() called ==================================
2022-01-14 16:48:11,213:INFO:Initializing create_model()
2022-01-14 16:48:11,213:INFO:create_model(estimator=qda, fold=StratifiedKFold(n_splits=5, random_state=None, shuffle=False), round=4, cross_validation=True, predict=True, fit_kwargs={}, groups=None, refit=False, verbose=False, system=False, metrics=None, add_to_model_list=True, probability_threshold=None, display=<pycaret.internal.Display.Display object at 0x000001D059996BB0>, kwargs={})
2022-01-14 16:48:11,213:INFO:Checking exceptions
2022-01-14 16:48:11,214:INFO:Importing libraries
2022-01-14 16:48:11,214:INFO:Copying training dataset
2022-01-14 16:48:11,217:INFO:Defining folds
2022-01-14 16:48:11,218:INFO:Declaring metric variables
2022-01-14 16:48:11,239:INFO:Importing untrained model
2022-01-14 16:48:11,260:INFO:Quadratic Discriminant Analysis Imported succesfully
2022-01-14 16:48:11,310:INFO:Starting cross validation
2022-01-14 16:48:11,311:INFO:Cross validating with StratifiedKFold(n_splits=5, random_state=None, shuffle=False), n_jobs=-1
2022-01-14 16:48:11,502:INFO:Calculating mean and std
2022-01-14 16:48:11,504:INFO:Creating metrics dataframe
2022-01-14 16:48:11,517:INFO:Uploading results into container
2022-01-14 16:48:11,517:INFO:Uploading model into container now
2022-01-14 16:48:11,517:INFO:create_model_container: 8
2022-01-14 16:48:11,518:INFO:master_model_container: 8
2022-01-14 16:48:11,518:INFO:display_container: 2
2022-01-14 16:48:11,519:INFO:QuadraticDiscriminantAnalysis(priors=None, reg_param=0.0,
                              store_covariance=False, tol=0.0001)
2022-01-14 16:48:11,519:INFO:create_model() succesfully completed......................................
2022-01-14 16:48:11,638:INFO:SubProcess create_model() end ==================================
2022-01-14 16:48:11,638:INFO:Creating metrics dataframe
2022-01-14 16:48:11,695:INFO:Initializing Ada Boost Classifier
2022-01-14 16:48:11,695:INFO:Total runtime is 0.3537671724955241 minutes
2022-01-14 16:48:11,719:INFO:SubProcess create_model() called ==================================
2022-01-14 16:48:11,720:INFO:Initializing create_model()
2022-01-14 16:48:11,720:INFO:create_model(estimator=ada, fold=StratifiedKFold(n_splits=5, random_state=None, shuffle=False), round=4, cross_validation=True, predict=True, fit_kwargs={}, groups=None, refit=False, verbose=False, system=False, metrics=None, add_to_model_list=True, probability_threshold=None, display=<pycaret.internal.Display.Display object at 0x000001D059996BB0>, kwargs={})
2022-01-14 16:48:11,720:INFO:Checking exceptions
2022-01-14 16:48:11,721:INFO:Importing libraries
2022-01-14 16:48:11,721:INFO:Copying training dataset
2022-01-14 16:48:11,722:INFO:Defining folds
2022-01-14 16:48:11,723:INFO:Declaring metric variables
2022-01-14 16:48:11,749:INFO:Importing untrained model
2022-01-14 16:48:11,770:INFO:Ada Boost Classifier Imported succesfully
2022-01-14 16:48:11,819:INFO:Starting cross validation
2022-01-14 16:48:11,821:INFO:Cross validating with StratifiedKFold(n_splits=5, random_state=None, shuffle=False), n_jobs=-1
2022-01-14 16:48:13,398:INFO:Calculating mean and std
2022-01-14 16:48:13,400:INFO:Creating metrics dataframe
2022-01-14 16:48:13,406:INFO:Uploading results into container
2022-01-14 16:48:13,406:INFO:Uploading model into container now
2022-01-14 16:48:13,406:INFO:create_model_container: 9
2022-01-14 16:48:13,407:INFO:master_model_container: 9
2022-01-14 16:48:13,407:INFO:display_container: 2
2022-01-14 16:48:13,408:INFO:AdaBoostClassifier(algorithm='SAMME.R', base_estimator=None, learning_rate=1.0,
                   n_estimators=50, random_state=3840)
2022-01-14 16:48:13,408:INFO:create_model() succesfully completed......................................
2022-01-14 16:48:13,519:INFO:SubProcess create_model() end ==================================
2022-01-14 16:48:13,520:INFO:Creating metrics dataframe
2022-01-14 16:48:13,565:INFO:Initializing Gradient Boosting Classifier
2022-01-14 16:48:13,566:INFO:Total runtime is 0.3849472403526306 minutes
2022-01-14 16:48:13,590:INFO:SubProcess create_model() called ==================================
2022-01-14 16:48:13,591:INFO:Initializing create_model()
2022-01-14 16:48:13,591:INFO:create_model(estimator=gbc, fold=StratifiedKFold(n_splits=5, random_state=None, shuffle=False), round=4, cross_validation=True, predict=True, fit_kwargs={}, groups=None, refit=False, verbose=False, system=False, metrics=None, add_to_model_list=True, probability_threshold=None, display=<pycaret.internal.Display.Display object at 0x000001D059996BB0>, kwargs={})
2022-01-14 16:48:13,592:INFO:Checking exceptions
2022-01-14 16:48:13,592:INFO:Importing libraries
2022-01-14 16:48:13,592:INFO:Copying training dataset
2022-01-14 16:48:13,594:INFO:Defining folds
2022-01-14 16:48:13,594:INFO:Declaring metric variables
2022-01-14 16:48:13,625:INFO:Importing untrained model
2022-01-14 16:48:13,644:INFO:Gradient Boosting Classifier Imported succesfully
2022-01-14 16:48:13,693:INFO:Starting cross validation
2022-01-14 16:48:13,694:INFO:Cross validating with StratifiedKFold(n_splits=5, random_state=None, shuffle=False), n_jobs=-1
2022-01-14 16:48:16,980:INFO:Calculating mean and std
2022-01-14 16:48:16,981:INFO:Creating metrics dataframe
2022-01-14 16:48:16,989:INFO:Uploading results into container
2022-01-14 16:48:16,989:INFO:Uploading model into container now
2022-01-14 16:48:16,990:INFO:create_model_container: 10
2022-01-14 16:48:16,990:INFO:master_model_container: 10
2022-01-14 16:48:16,990:INFO:display_container: 2
2022-01-14 16:48:16,993:INFO:GradientBoostingClassifier(ccp_alpha=0.0, criterion='friedman_mse', init=None,
                           learning_rate=0.1, loss='deviance', max_depth=3,
                           max_features=None, max_leaf_nodes=None,
                           min_impurity_decrease=0.0, min_impurity_split=None,
                           min_samples_leaf=1, min_samples_split=2,
                           min_weight_fraction_leaf=0.0, n_estimators=100,
                           n_iter_no_change=None, presort='deprecated',
                           random_state=3840, subsample=1.0, tol=0.0001,
                           validation_fraction=0.1, verbose=0,
                           warm_start=False)
2022-01-14 16:48:16,993:INFO:create_model() succesfully completed......................................
2022-01-14 16:48:17,082:INFO:SubProcess create_model() end ==================================
2022-01-14 16:48:17,082:INFO:Creating metrics dataframe
2022-01-14 16:48:17,115:INFO:Initializing Linear Discriminant Analysis
2022-01-14 16:48:17,115:INFO:Total runtime is 0.4440977970759074 minutes
2022-01-14 16:48:17,136:INFO:SubProcess create_model() called ==================================
2022-01-14 16:48:17,137:INFO:Initializing create_model()
2022-01-14 16:48:17,137:INFO:create_model(estimator=lda, fold=StratifiedKFold(n_splits=5, random_state=None, shuffle=False), round=4, cross_validation=True, predict=True, fit_kwargs={}, groups=None, refit=False, verbose=False, system=False, metrics=None, add_to_model_list=True, probability_threshold=None, display=<pycaret.internal.Display.Display object at 0x000001D059996BB0>, kwargs={})
2022-01-14 16:48:17,138:INFO:Checking exceptions
2022-01-14 16:48:17,138:INFO:Importing libraries
2022-01-14 16:48:17,138:INFO:Copying training dataset
2022-01-14 16:48:17,139:INFO:Defining folds
2022-01-14 16:48:17,140:INFO:Declaring metric variables
2022-01-14 16:48:17,166:INFO:Importing untrained model
2022-01-14 16:48:17,186:INFO:Linear Discriminant Analysis Imported succesfully
2022-01-14 16:48:17,229:INFO:Starting cross validation
2022-01-14 16:48:17,231:INFO:Cross validating with StratifiedKFold(n_splits=5, random_state=None, shuffle=False), n_jobs=-1
2022-01-14 16:48:17,399:INFO:Calculating mean and std
2022-01-14 16:48:17,400:INFO:Creating metrics dataframe
2022-01-14 16:48:17,405:INFO:Uploading results into container
2022-01-14 16:48:17,405:INFO:Uploading model into container now
2022-01-14 16:48:17,405:INFO:create_model_container: 11
2022-01-14 16:48:17,405:INFO:master_model_container: 11
2022-01-14 16:48:17,406:INFO:display_container: 2
2022-01-14 16:48:17,406:INFO:LinearDiscriminantAnalysis(n_components=None, priors=None, shrinkage=None,
                           solver='svd', store_covariance=False, tol=0.0001)
2022-01-14 16:48:17,407:INFO:create_model() succesfully completed......................................
2022-01-14 16:48:17,504:INFO:SubProcess create_model() end ==================================
2022-01-14 16:48:17,504:INFO:Creating metrics dataframe
2022-01-14 16:48:17,549:INFO:Initializing Extra Trees Classifier
2022-01-14 16:48:17,550:INFO:Total runtime is 0.45134791135787966 minutes
2022-01-14 16:48:17,574:INFO:SubProcess create_model() called ==================================
2022-01-14 16:48:17,575:INFO:Initializing create_model()
2022-01-14 16:48:17,576:INFO:create_model(estimator=et, fold=StratifiedKFold(n_splits=5, random_state=None, shuffle=False), round=4, cross_validation=True, predict=True, fit_kwargs={}, groups=None, refit=False, verbose=False, system=False, metrics=None, add_to_model_list=True, probability_threshold=None, display=<pycaret.internal.Display.Display object at 0x000001D059996BB0>, kwargs={})
2022-01-14 16:48:17,576:INFO:Checking exceptions
2022-01-14 16:48:17,577:INFO:Importing libraries
2022-01-14 16:48:17,577:INFO:Copying training dataset
2022-01-14 16:48:17,580:INFO:Defining folds
2022-01-14 16:48:17,580:INFO:Declaring metric variables
2022-01-14 16:48:17,605:INFO:Importing untrained model
2022-01-14 16:48:17,650:INFO:Extra Trees Classifier Imported succesfully
2022-01-14 16:48:17,723:INFO:Starting cross validation
2022-01-14 16:48:17,726:INFO:Cross validating with StratifiedKFold(n_splits=5, random_state=None, shuffle=False), n_jobs=-1
2022-01-14 16:48:22,131:INFO:Calculating mean and std
2022-01-14 16:48:22,133:INFO:Creating metrics dataframe
2022-01-14 16:48:22,145:INFO:Uploading results into container
2022-01-14 16:48:22,146:INFO:Uploading model into container now
2022-01-14 16:48:22,146:INFO:create_model_container: 12
2022-01-14 16:48:22,146:INFO:master_model_container: 12
2022-01-14 16:48:22,147:INFO:display_container: 2
2022-01-14 16:48:22,148:INFO:ExtraTreesClassifier(bootstrap=False, ccp_alpha=0.0, class_weight=None,
                     criterion='gini', max_depth=None, max_features='auto',
                     max_leaf_nodes=None, max_samples=None,
                     min_impurity_decrease=0.0, min_impurity_split=None,
                     min_samples_leaf=1, min_samples_split=2,
                     min_weight_fraction_leaf=0.0, n_estimators=100, n_jobs=-1,
                     oob_score=False, random_state=3840, verbose=0,
                     warm_start=False)
2022-01-14 16:48:22,148:INFO:create_model() succesfully completed......................................
2022-01-14 16:48:22,290:INFO:SubProcess create_model() end ==================================
2022-01-14 16:48:22,290:INFO:Creating metrics dataframe
2022-01-14 16:48:22,340:INFO:Initializing Light Gradient Boosting Machine
2022-01-14 16:48:22,340:INFO:Total runtime is 0.5311799764633179 minutes
2022-01-14 16:48:22,359:INFO:SubProcess create_model() called ==================================
2022-01-14 16:48:22,360:INFO:Initializing create_model()
2022-01-14 16:48:22,360:INFO:create_model(estimator=lightgbm, fold=StratifiedKFold(n_splits=5, random_state=None, shuffle=False), round=4, cross_validation=True, predict=True, fit_kwargs={}, groups=None, refit=False, verbose=False, system=False, metrics=None, add_to_model_list=True, probability_threshold=None, display=<pycaret.internal.Display.Display object at 0x000001D059996BB0>, kwargs={})
2022-01-14 16:48:22,360:INFO:Checking exceptions
2022-01-14 16:48:22,361:INFO:Importing libraries
2022-01-14 16:48:22,361:INFO:Copying training dataset
2022-01-14 16:48:22,362:INFO:Defining folds
2022-01-14 16:48:22,363:INFO:Declaring metric variables
2022-01-14 16:48:22,389:INFO:Importing untrained model
2022-01-14 16:48:22,420:INFO:Light Gradient Boosting Machine Imported succesfully
2022-01-14 16:48:22,473:INFO:Starting cross validation
2022-01-14 16:48:22,476:INFO:Cross validating with StratifiedKFold(n_splits=5, random_state=None, shuffle=False), n_jobs=-1
2022-01-14 16:48:25,203:INFO:Calculating mean and std
2022-01-14 16:48:25,204:INFO:Creating metrics dataframe
2022-01-14 16:48:25,211:INFO:Uploading results into container
2022-01-14 16:48:25,211:INFO:Uploading model into container now
2022-01-14 16:48:25,211:INFO:create_model_container: 13
2022-01-14 16:48:25,212:INFO:master_model_container: 13
2022-01-14 16:48:25,212:INFO:display_container: 2
2022-01-14 16:48:25,216:INFO:LGBMClassifier(boosting_type='gbdt', class_weight=None, colsample_bytree=1.0,
               importance_type='split', learning_rate=0.1, max_depth=-1,
               min_child_samples=20, min_child_weight=0.001, min_split_gain=0.0,
               n_estimators=100, n_jobs=-1, num_leaves=31, objective=None,
               random_state=3840, reg_alpha=0.0, reg_lambda=0.0, silent='warn',
               subsample=1.0, subsample_for_bin=200000, subsample_freq=0)
2022-01-14 16:48:25,216:INFO:create_model() succesfully completed......................................
2022-01-14 16:48:25,310:INFO:SubProcess create_model() end ==================================
2022-01-14 16:48:25,310:INFO:Creating metrics dataframe
2022-01-14 16:48:25,345:INFO:Initializing Dummy Classifier
2022-01-14 16:48:25,345:INFO:Total runtime is 0.5812766750653585 minutes
2022-01-14 16:48:25,366:INFO:SubProcess create_model() called ==================================
2022-01-14 16:48:25,367:INFO:Initializing create_model()
2022-01-14 16:48:25,367:INFO:create_model(estimator=dummy, fold=StratifiedKFold(n_splits=5, random_state=None, shuffle=False), round=4, cross_validation=True, predict=True, fit_kwargs={}, groups=None, refit=False, verbose=False, system=False, metrics=None, add_to_model_list=True, probability_threshold=None, display=<pycaret.internal.Display.Display object at 0x000001D059996BB0>, kwargs={})
2022-01-14 16:48:25,367:INFO:Checking exceptions
2022-01-14 16:48:25,367:INFO:Importing libraries
2022-01-14 16:48:25,368:INFO:Copying training dataset
2022-01-14 16:48:25,369:INFO:Defining folds
2022-01-14 16:48:25,370:INFO:Declaring metric variables
2022-01-14 16:48:25,399:INFO:Importing untrained model
2022-01-14 16:48:25,420:INFO:Dummy Classifier Imported succesfully
2022-01-14 16:48:25,469:INFO:Starting cross validation
2022-01-14 16:48:25,470:INFO:Cross validating with StratifiedKFold(n_splits=5, random_state=None, shuffle=False), n_jobs=-1
2022-01-14 16:48:25,617:INFO:Calculating mean and std
2022-01-14 16:48:25,618:INFO:Creating metrics dataframe
2022-01-14 16:48:25,626:INFO:Uploading results into container
2022-01-14 16:48:25,627:INFO:Uploading model into container now
2022-01-14 16:48:25,627:INFO:create_model_container: 14
2022-01-14 16:48:25,627:INFO:master_model_container: 14
2022-01-14 16:48:25,627:INFO:display_container: 2
2022-01-14 16:48:25,628:INFO:DummyClassifier(constant=None, random_state=3840, strategy='prior')
2022-01-14 16:48:25,628:INFO:create_model() succesfully completed......................................
2022-01-14 16:48:25,716:INFO:SubProcess create_model() end ==================================
2022-01-14 16:48:25,716:INFO:Creating metrics dataframe
2022-01-14 16:48:25,791:INFO:Initializing create_model()
2022-01-14 16:48:25,791:INFO:create_model(estimator=LGBMClassifier(boosting_type='gbdt', class_weight=None, colsample_bytree=1.0,
               importance_type='split', learning_rate=0.1, max_depth=-1,
               min_child_samples=20, min_child_weight=0.001, min_split_gain=0.0,
               n_estimators=100, n_jobs=-1, num_leaves=31, objective=None,
               random_state=3840, reg_alpha=0.0, reg_lambda=0.0, silent='warn',
               subsample=1.0, subsample_for_bin=200000, subsample_freq=0), fold=StratifiedKFold(n_splits=5, random_state=None, shuffle=False), round=4, cross_validation=False, predict=False, fit_kwargs={}, groups=None, refit=True, verbose=False, system=False, metrics=None, add_to_model_list=True, probability_threshold=None, display=None, kwargs={})
2022-01-14 16:48:25,791:INFO:Checking exceptions
2022-01-14 16:48:25,792:INFO:Importing libraries
2022-01-14 16:48:25,792:INFO:Copying training dataset
2022-01-14 16:48:25,793:INFO:Defining folds
2022-01-14 16:48:25,793:INFO:Declaring metric variables
2022-01-14 16:48:25,793:INFO:Importing untrained model
2022-01-14 16:48:25,794:INFO:Declaring custom model
2022-01-14 16:48:25,796:INFO:Light Gradient Boosting Machine Imported succesfully
2022-01-14 16:48:25,800:INFO:Cross validation set to False
2022-01-14 16:48:25,800:INFO:Fitting Model
2022-01-14 16:48:26,150:INFO:LGBMClassifier(boosting_type='gbdt', class_weight=None, colsample_bytree=1.0,
               importance_type='split', learning_rate=0.1, max_depth=-1,
               min_child_samples=20, min_child_weight=0.001, min_split_gain=0.0,
               n_estimators=100, n_jobs=-1, num_leaves=31, objective=None,
               random_state=3840, reg_alpha=0.0, reg_lambda=0.0, silent='warn',
               subsample=1.0, subsample_for_bin=200000, subsample_freq=0)
2022-01-14 16:48:26,151:INFO:create_models() succesfully completed......................................
2022-01-14 16:48:26,385:INFO:create_model_container: 14
2022-01-14 16:48:26,386:INFO:master_model_container: 14
2022-01-14 16:48:26,386:INFO:display_container: 2
2022-01-14 16:48:26,388:INFO:LGBMClassifier(boosting_type='gbdt', class_weight=None, colsample_bytree=1.0,
               importance_type='split', learning_rate=0.1, max_depth=-1,
               min_child_samples=20, min_child_weight=0.001, min_split_gain=0.0,
               n_estimators=100, n_jobs=-1, num_leaves=31, objective=None,
               random_state=3840, reg_alpha=0.0, reg_lambda=0.0, silent='warn',
               subsample=1.0, subsample_for_bin=200000, subsample_freq=0)
2022-01-14 16:48:26,389:INFO:compare_models() succesfully completed......................................
2022-01-14 16:49:27,246:INFO:Initializing create_model()
2022-01-14 16:49:27,247:INFO:create_model(estimator=gbc, fold=5, round=4, cross_validation=True, predict=True, fit_kwargs=None, groups=None, refit=True, verbose=True, system=True, metrics=None, add_to_model_list=True, probability_threshold=None, display=None, kwargs={})
2022-01-14 16:49:27,247:INFO:Checking exceptions
2022-01-14 16:49:27,248:INFO:Preparing display monitor
2022-01-14 16:49:27,288:INFO:Importing libraries
2022-01-14 16:49:27,288:INFO:Copying training dataset
2022-01-14 16:49:27,291:INFO:Defining folds
2022-01-14 16:49:27,291:INFO:Declaring metric variables
2022-01-14 16:49:27,310:INFO:Importing untrained model
2022-01-14 16:49:27,339:INFO:Gradient Boosting Classifier Imported succesfully
2022-01-14 16:49:27,378:INFO:Starting cross validation
2022-01-14 16:49:27,379:INFO:Cross validating with StratifiedKFold(n_splits=5, random_state=None, shuffle=False), n_jobs=-1
2022-01-14 16:49:31,091:INFO:Calculating mean and std
2022-01-14 16:49:31,092:INFO:Creating metrics dataframe
2022-01-14 16:49:31,121:INFO:Finalizing model
2022-01-14 16:49:32,858:INFO:Uploading results into container
2022-01-14 16:49:32,859:INFO:Uploading model into container now
2022-01-14 16:49:32,906:INFO:create_model_container: 15
2022-01-14 16:49:32,907:INFO:master_model_container: 15
2022-01-14 16:49:32,907:INFO:display_container: 3
2022-01-14 16:49:32,909:INFO:GradientBoostingClassifier(ccp_alpha=0.0, criterion='friedman_mse', init=None,
                           learning_rate=0.1, loss='deviance', max_depth=3,
                           max_features=None, max_leaf_nodes=None,
                           min_impurity_decrease=0.0, min_impurity_split=None,
                           min_samples_leaf=1, min_samples_split=2,
                           min_weight_fraction_leaf=0.0, n_estimators=100,
                           n_iter_no_change=None, presort='deprecated',
                           random_state=3840, subsample=1.0, tol=0.0001,
                           validation_fraction=0.1, verbose=0,
                           warm_start=False)
2022-01-14 16:49:32,909:INFO:create_model() succesfully completed......................................
2022-01-14 16:49:41,559:INFO:Initializing tune_model()
2022-01-14 16:49:41,560:INFO:tune_model(estimator=GradientBoostingClassifier(ccp_alpha=0.0, criterion='friedman_mse', init=None,
                           learning_rate=0.1, loss='deviance', max_depth=3,
                           max_features=None, max_leaf_nodes=None,
                           min_impurity_decrease=0.0, min_impurity_split=None,
                           min_samples_leaf=1, min_samples_split=2,
                           min_weight_fraction_leaf=0.0, n_estimators=100,
                           n_iter_no_change=None, presort='deprecated',
                           random_state=3840, subsample=1.0, tol=0.0001,
                           validation_fraction=0.1, verbose=0,
                           warm_start=False), fold=5, round=4, n_iter=10, custom_grid={'learning_rate': [0.1, 0.2, 0.5], 'n_estimators': [100, 500, 1000], 'min_samples_split': [1, 2, 5, 10], 'max_depth': [1, 3, 9]}, optimize=AUC, custom_scorer=None, search_library=scikit-learn, search_algorithm=None, early_stopping=False, early_stopping_max_iters=10, choose_better=False, fit_kwargs=None, groups=None, return_tuner=False, verbose=True, tuner_verbose=True, display=None, kwargs={})
2022-01-14 16:49:41,560:INFO:Checking exceptions
2022-01-14 16:49:41,562:INFO:Preparing display monitor
2022-01-14 16:49:41,598:INFO:Copying training dataset
2022-01-14 16:49:41,602:INFO:Checking base model
2022-01-14 16:49:41,603:INFO:Base model : Gradient Boosting Classifier
2022-01-14 16:49:41,629:INFO:Declaring metric variables
2022-01-14 16:49:41,654:INFO:Defining Hyperparameters
2022-01-14 16:49:41,773:INFO:custom_grid: {'actual_estimator__learning_rate': [0.1, 0.2, 0.5], 'actual_estimator__n_estimators': [100, 500, 1000], 'actual_estimator__min_samples_split': [1, 2, 5, 10], 'actual_estimator__max_depth': [1, 3, 9]}
2022-01-14 16:49:41,774:INFO:Tuning with n_jobs=-1
2022-01-14 16:49:41,774:INFO:Initializing RandomizedSearchCV
2022-01-14 16:50:57,970:INFO:Initializing predict_model()
2022-01-14 16:50:57,970:INFO:predict_model(estimator=GradientBoostingClassifier(ccp_alpha=0.0, criterion='friedman_mse', init=None,
                           learning_rate=0.1, loss='deviance', max_depth=3,
                           max_features=None, max_leaf_nodes=None,
                           min_impurity_decrease=0.0, min_impurity_split=None,
                           min_samples_leaf=1, min_samples_split=2,
                           min_weight_fraction_leaf=0.0, n_estimators=100,
                           n_iter_no_change=None, presort='deprecated',
                           random_state=3840, subsample=1.0, tol=0.0001,
                           validation_fraction=0.1, verbose=0,
                           warm_start=False), probability_threshold=None, encoded_labels=False, drift_report=False, raw_score=False, round=4, verbose=True, ml_usecase=MLUsecase.CLASSIFICATION, display=None)
2022-01-14 16:50:57,971:INFO:Checking exceptions
2022-01-14 16:50:57,971:INFO:Preloading libraries
2022-01-14 16:50:57,973:INFO:Preparing display monitor
2022-01-14 16:51:02,527:INFO:Initializing finalize_model()
2022-01-14 16:51:02,527:INFO:finalize_model(estimator=GradientBoostingClassifier(ccp_alpha=0.0, criterion='friedman_mse', init=None,
                           learning_rate=0.1, loss='deviance', max_depth=3,
                           max_features=None, max_leaf_nodes=None,
                           min_impurity_decrease=0.0, min_impurity_split=None,
                           min_samples_leaf=1, min_samples_split=2,
                           min_weight_fraction_leaf=0.0, n_estimators=100,
                           n_iter_no_change=None, presort='deprecated',
                           random_state=3840, subsample=1.0, tol=0.0001,
                           validation_fraction=0.1, verbose=0,
                           warm_start=False), fit_kwargs=None, groups=None, model_only=True, display=None)
2022-01-14 16:51:02,528:INFO:Finalizing GradientBoostingClassifier(ccp_alpha=0.0, criterion='friedman_mse', init=None,
                           learning_rate=0.1, loss='deviance', max_depth=3,
                           max_features=None, max_leaf_nodes=None,
                           min_impurity_decrease=0.0, min_impurity_split=None,
                           min_samples_leaf=1, min_samples_split=2,
                           min_weight_fraction_leaf=0.0, n_estimators=100,
                           n_iter_no_change=None, presort='deprecated',
                           random_state=3840, subsample=1.0, tol=0.0001,
                           validation_fraction=0.1, verbose=0,
                           warm_start=False)
2022-01-14 16:51:02,529:INFO:Initializing create_model()
2022-01-14 16:51:02,530:INFO:create_model(estimator=GradientBoostingClassifier(ccp_alpha=0.0, criterion='friedman_mse', init=None,
                           learning_rate=0.1, loss='deviance', max_depth=3,
                           max_features=None, max_leaf_nodes=None,
                           min_impurity_decrease=0.0, min_impurity_split=None,
                           min_samples_leaf=1, min_samples_split=2,
                           min_weight_fraction_leaf=0.0, n_estimators=100,
                           n_iter_no_change=None, presort='deprecated',
                           random_state=3840, subsample=1.0, tol=0.0001,
                           validation_fraction=0.1, verbose=0,
                           warm_start=False), fold=None, round=4, cross_validation=True, predict=True, fit_kwargs={}, groups=None, refit=True, verbose=False, system=False, metrics=None, add_to_model_list=False, probability_threshold=None, display=None, kwargs={})
2022-01-14 16:51:02,530:INFO:Checking exceptions
2022-01-14 16:51:02,530:INFO:Importing libraries
2022-01-14 16:51:02,531:INFO:Copying training dataset
2022-01-14 16:51:02,532:INFO:Defining folds
2022-01-14 16:51:02,533:INFO:Declaring metric variables
2022-01-14 16:51:02,534:INFO:Importing untrained model
2022-01-14 16:51:02,534:INFO:Declaring custom model
2022-01-14 16:51:02,537:INFO:Gradient Boosting Classifier Imported succesfully
2022-01-14 16:51:02,537:INFO:Starting cross validation
2022-01-14 16:51:02,539:INFO:Cross validating with StratifiedKFold(n_splits=10, random_state=None, shuffle=False), n_jobs=-1
2022-01-14 16:51:20,300:INFO:Calculating mean and std
2022-01-14 16:51:20,301:INFO:Creating metrics dataframe
2022-01-14 16:51:20,305:INFO:Finalizing model
2022-01-14 16:51:22,569:INFO:create_model_container: 15
2022-01-14 16:51:22,569:INFO:master_model_container: 15
2022-01-14 16:51:22,569:INFO:display_container: 4
2022-01-14 16:51:22,570:INFO:GradientBoostingClassifier(ccp_alpha=0.0, criterion='friedman_mse', init=None,
                           learning_rate=0.1, loss='deviance', max_depth=3,
                           max_features=None, max_leaf_nodes=None,
                           min_impurity_decrease=0.0, min_impurity_split=None,
                           min_samples_leaf=1, min_samples_split=2,
                           min_weight_fraction_leaf=0.0, n_estimators=100,
                           n_iter_no_change=None, presort='deprecated',
                           random_state=3840, subsample=1.0, tol=0.0001,
                           validation_fraction=0.1, verbose=0,
                           warm_start=False)
2022-01-14 16:51:22,570:INFO:create_model() succesfully completed......................................
2022-01-14 16:51:22,653:INFO:create_model_container: 15
2022-01-14 16:51:22,653:INFO:master_model_container: 15
2022-01-14 16:51:22,653:INFO:display_container: 3
2022-01-14 16:51:22,654:INFO:GradientBoostingClassifier(ccp_alpha=0.0, criterion='friedman_mse', init=None,
                           learning_rate=0.1, loss='deviance', max_depth=3,
                           max_features=None, max_leaf_nodes=None,
                           min_impurity_decrease=0.0, min_impurity_split=None,
                           min_samples_leaf=1, min_samples_split=2,
                           min_weight_fraction_leaf=0.0, n_estimators=100,
                           n_iter_no_change=None, presort='deprecated',
                           random_state=3840, subsample=1.0, tol=0.0001,
                           validation_fraction=0.1, verbose=0,
                           warm_start=False)
2022-01-14 16:51:22,654:INFO:finalize_model() succesfully completed......................................
2022-01-14 16:51:32,951:INFO:Initializing save_model()
2022-01-14 16:51:32,952:INFO:save_model(model=GradientBoostingClassifier(ccp_alpha=0.0, criterion='friedman_mse', init=None,
                           learning_rate=0.1, loss='deviance', max_depth=3,
                           max_features=None, max_leaf_nodes=None,
                           min_impurity_decrease=0.0, min_impurity_split=None,
                           min_samples_leaf=1, min_samples_split=2,
                           min_weight_fraction_leaf=0.0, n_estimators=100,
                           n_iter_no_change=None, presort='deprecated',
                           random_state=3840, subsample=1.0, tol=0.0001,
                           validation_fraction=0.1, verbose=0,
                           warm_start=False), model_name=model, prep_pipe_=Pipeline(memory=None,
         steps=[('dtypes',
                 DataTypes_Auto_infer(categorical_features=[],
                                      display_types=True, features_todrop=[],
                                      id_columns=[],
                                      ml_usecase='classification',
                                      numerical_features=['yearsAtCompany'],
                                      target='turnover', time_features=[])),
                ('imputer',
                 Simple_Imputer(categorical_strategy='not_available',
                                fill_value_categorical=None,
                                fill_value_numerical=...
                ('P_transform', 'passthrough'), ('binn', 'passthrough'),
                ('rem_outliers', 'passthrough'), ('cluster_all', 'passthrough'),
                ('dummy', Dummify(target='turnover')),
                ('fix_perfect', Remove_100(target='turnover')),
                ('clean_names', Clean_Colum_Names()),
                ('feature_select', 'passthrough'), ('fix_multi', 'passthrough'),
                ('dfs', 'passthrough'), ('pca', 'passthrough')],
         verbose=False), verbose=True, kwargs={})
2022-01-14 16:51:32,952:INFO:Adding model into prep_pipe
2022-01-14 16:51:32,973:INFO:model.pkl saved in current working directory
2022-01-14 16:51:32,992:INFO:Pipeline(memory=None,
         steps=[('dtypes',
                 DataTypes_Auto_infer(categorical_features=[],
                                      display_types=True, features_todrop=[],
                                      id_columns=[],
                                      ml_usecase='classification',
                                      numerical_features=['yearsAtCompany'],
                                      target='turnover', time_features=[])),
                ('imputer',
                 Simple_Imputer(categorical_strategy='not_available',
                                fill_value_categorical=None,
                                fill_value_numerical=...
                                            learning_rate=0.1, loss='deviance',
                                            max_depth=3, max_features=None,
                                            max_leaf_nodes=None,
                                            min_impurity_decrease=0.0,
                                            min_impurity_split=None,
                                            min_samples_leaf=1,
                                            min_samples_split=2,
                                            min_weight_fraction_leaf=0.0,
                                            n_estimators=100,
                                            n_iter_no_change=None,
                                            presort='deprecated',
                                            random_state=3840, subsample=1.0,
                                            tol=0.0001, validation_fraction=0.1,
                                            verbose=0, warm_start=False)]],
         verbose=False)
2022-01-14 16:51:32,992:INFO:save_model() successfully completed......................................
